mode: set
github.com/dangersalad/gowyre/account.go:16.67,17.50 1 0
github.com/dangersalad/gowyre/account.go:20.2,20.79 1 0
github.com/dangersalad/gowyre/account.go:17.50,19.3 1 0
github.com/dangersalad/gowyre/account.go:23.54,27.16 3 1
github.com/dangersalad/gowyre/account.go:30.2,30.20 1 0
github.com/dangersalad/gowyre/account.go:27.16,29.3 1 1
github.com/dangersalad/gowyre/client.go:19.58,23.13 2 1
github.com/dangersalad/gowyre/client.go:26.2,33.3 2 1
github.com/dangersalad/gowyre/client.go:23.13,25.3 1 1
github.com/dangersalad/gowyre/client.go:36.65,38.2 1 1
github.com/dangersalad/gowyre/client.go:40.85,46.16 4 1
github.com/dangersalad/gowyre/client.go:50.2,51.42 2 1
github.com/dangersalad/gowyre/client.go:46.16,48.3 1 0
github.com/dangersalad/gowyre/client.go:55.107,56.19 1 1
github.com/dangersalad/gowyre/client.go:59.2,63.16 4 1
github.com/dangersalad/gowyre/client.go:67.2,68.16 2 1
github.com/dangersalad/gowyre/client.go:72.2,76.16 4 1
github.com/dangersalad/gowyre/client.go:79.2,83.28 3 1
github.com/dangersalad/gowyre/client.go:92.2,94.16 2 1
github.com/dangersalad/gowyre/client.go:98.2,98.12 1 1
github.com/dangersalad/gowyre/client.go:56.19,58.3 1 1
github.com/dangersalad/gowyre/client.go:63.16,65.3 1 0
github.com/dangersalad/gowyre/client.go:68.16,70.3 1 0
github.com/dangersalad/gowyre/client.go:76.16,78.3 1 0
github.com/dangersalad/gowyre/client.go:83.28,86.17 3 1
github.com/dangersalad/gowyre/client.go:89.3,89.16 1 1
github.com/dangersalad/gowyre/client.go:86.17,88.4 1 0
github.com/dangersalad/gowyre/client.go:94.16,96.3 1 0
github.com/dangersalad/gowyre/error.go:17.35,18.35 1 1
github.com/dangersalad/gowyre/error.go:18.35,20.3 1 0
github.com/dangersalad/gowyre/error.go:20.3,22.3 1 1
github.com/dangersalad/gowyre/rates.go:9.54,10.29 1 1
github.com/dangersalad/gowyre/rates.go:13.2,13.67 1 1
github.com/dangersalad/gowyre/rates.go:10.29,12.3 1 1
github.com/dangersalad/gowyre/rates.go:16.53,20.16 3 1
github.com/dangersalad/gowyre/rates.go:23.2,23.20 1 1
github.com/dangersalad/gowyre/rates.go:20.16,22.3 1 1
github.com/dangersalad/gowyre/util.go:8.40,9.20 1 1
github.com/dangersalad/gowyre/util.go:12.2,12.19 1 1
github.com/dangersalad/gowyre/util.go:9.20,11.3 1 0
github.com/dangersalad/gowyre/util.go:15.34,18.2 2 1
